<?xml version="1.0" encoding="UTF-8"?>
<testng-results ignored="0" total="1" passed="1" failed="0" skipped="0">
  <reporter-output>
  </reporter-output>
  <suite started-at="2022-09-20T10:37:50 IST" name="Default suite" finished-at="2022-09-20T10:37:50 IST" duration-ms="219">
    <groups>
    </groups>
    <test started-at="2022-09-20T10:37:50 IST" name="Default test" finished-at="2022-09-20T10:37:50 IST" duration-ms="219">
      <class name="com.sgtesting.restapi.ReadJSONFile">
        <test-method signature="demo1()[pri:0, instance:com.sgtesting.restapi.ReadJSONFile@306e95ec]" started-at="2022-09-20T10:37:50 IST" name="demo1" finished-at="2022-09-20T10:37:50 IST" duration-ms="56" status="PASS">
          <reporter-output>
          </reporter-output>
        </test-method> <!-- demo1 -->
      </class> <!-- com.sgtesting.restapi.ReadJSONFile -->
    </test> <!-- Default test -->
  </suite> <!-- Default suite -->
</testng-results>
